<?xml version="1.0" encoding="UTF-8"?>
<!-- Generated by org.testng.reporters.JUnitReportReporter -->
<testsuite hostname="IBM-PF38ZTYS" failures="0" tests="2" name="commodityDetails_ex4.DataPro" time="0.737" errors="0" timestamp="2024-08-13T23:59:05 IST" skipped="0">
  <testcase classname="commodityDetails_ex4.DataPro" name="testCommodity" time="0.648"/>
  <system-out/>
  <testcase classname="commodityDetails_ex4.DataPro" name="printData" time="0.089"/>
  <system-out/>
</testsuite> <!-- commodityDetails_ex4.DataPro -->
