<?xml version="1.0" encoding="UTF-8"?>
<!-- Generated by org.testng.reporters.JUnitReportReporter -->
<testsuite hostname="IBM-PF38ZTYS" failures="0" tests="3" name="CustomerRegistration_PrioritywithGroup.TestCustomerRegistration" time="0.783" errors="0" timestamp="2024-08-16T16:04:11 IST" skipped="1">
  <testcase classname="CustomerRegistration_PrioritywithGroup.TestCustomerRegistration" name="enterData" time="0.731"/>
  <system-out/>
  <testcase classname="CustomerRegistration_PrioritywithGroup.TestCustomerRegistration" name="formValidationTest" time="0.052"/>
  <system-out/>
  <testcase classname="CustomerRegistration_PrioritywithGroup.TestCustomerRegistration" name="cleanup">
    <skipped/>
  </testcase> <!-- cleanup -->
  <system-out/>
</testsuite> <!-- CustomerRegistration_PrioritywithGroup.TestCustomerRegistration -->
