<?xml version="1.0" encoding="UTF-8"?>
<!-- Generated by org.testng.reporters.JUnitReportReporter -->
<testsuite hostname="IBM-PF38ZTYS" failures="0" tests="2" name="HighTechService.TestValidFormValues" time="1.992" errors="0" timestamp="2024-08-16T15:22:55 IST" skipped="1">
  <testcase classname="HighTechService.TestValidFormValues" name="testValidACServiceDetails" time="1.992"/>
  <system-out/>
  <testcase classname="HighTechService.TestValidFormValues" name="closeBrowser">
    <skipped/>
  </testcase> <!-- closeBrowser -->
  <system-out/>
</testsuite> <!-- HighTechService.TestValidFormValues -->
