<?xml version="1.0" encoding="UTF-8"?>
<!-- Generated by org.testng.reporters.JUnitReportReporter -->
<testsuite hostname="IBM-PF38ZTYS" failures="0" tests="3" name="TestNGAnnotationWithPriority.Ex2TestNG" time="0.002" errors="0" timestamp="2024-08-16T18:48:24 IST" skipped="0">
  <testcase classname="TestNGAnnotationWithPriority.Ex2TestNG" name="setLogin" time="0.002"/>
  <system-out/>
  <testcase classname="TestNGAnnotationWithPriority.Ex2TestNG" name="setFundTransfer" time="0.000"/>
  <system-out/>
  <testcase classname="TestNGAnnotationWithPriority.Ex2TestNG" name="addPayee" time="0.000"/>
  <system-out/>
</testsuite> <!-- TestNGAnnotationWithPriority.Ex2TestNG -->
